<?xml version="1.0" encoding="utf-8"?><testsuites name="pytest tests"><testsuite name="pytest" errors="0" failures="0" skipped="0" tests="13" time="11.053" timestamp="2026-02-06T14:33:42.811626+00:00" hostname="agent-env-919289ab-60d6-4f13-a29e-275839a54415"><testcase classname="tests.test_admin_active_timers.TestAdminActiveTimers" name="test_get_all_active_timers_returns_200" time="0.871" /><testcase classname="tests.test_admin_active_timers.TestAdminActiveTimers" name="test_get_all_active_timers_returns_list" time="0.808" /><testcase classname="tests.test_admin_active_timers.TestAdminActiveTimers" name="test_active_timers_have_required_fields" time="0.858" /><testcase classname="tests.test_admin_active_timers.TestAdminActiveTimers" name="test_active_timers_include_production_type" time="0.799" /><testcase classname="tests.test_admin_active_timers.TestAdminActiveTimers" name="test_active_timers_include_fulfillment_type" time="0.786" /><testcase classname="tests.test_admin_active_timers.TestAdminActiveTimers" name="test_elapsed_minutes_calculated_correctly" time="0.777" /><testcase classname="tests.test_admin_active_timers.TestAdminActiveTimers" name="test_worker_cannot_access_admin_endpoint" time="0.793" /><testcase classname="tests.test_admin_active_timers.TestAdminActiveTimers" name="test_stop_user_timer_production" time="0.846" /><testcase classname="tests.test_admin_active_timers.TestAdminActiveTimers" name="test_stop_user_timer_fulfillment" time="0.980" /><testcase classname="tests.test_admin_active_timers.TestAdminActiveTimers" name="test_stop_nonexistent_timer_returns_404" time="0.899" /><testcase classname="tests.test_admin_active_timers.TestAdminActiveTimers" name="test_worker_cannot_stop_timer" time="0.902" /><testcase classname="tests.test_admin_active_timers.TestAdminActiveTimers" name="test_unauthenticated_request_returns_401" time="0.837" /><testcase classname="tests.test_admin_active_timers.TestManagerActiveTimers" name="test_manager_can_access_all_active_timers" time="0.823" /></testsuite></testsuites>