<?xml version="1.0" encoding="utf-8"?><testsuites name="pytest tests"><testsuite name="pytest" errors="0" failures="0" skipped="0" tests="20" time="0.722" timestamp="2026-02-05T00:21:28.640186+00:00" hostname="agent-env-5b3acdc8-1f07-4b2d-a86e-e7a2aa0e1f83"><testcase classname="backend.tests.test_auto_archive_batch.TestAutoArchiveSingleFrame" name="test_create_batch_with_single_frame" time="0.092" /><testcase classname="backend.tests.test_auto_archive_batch.TestAutoArchiveSingleFrame" name="test_get_batch_frames" time="0.012" /><testcase classname="backend.tests.test_auto_archive_batch.TestAutoArchiveSingleFrame" name="test_move_frame_to_qc_stage" time="0.030" /><testcase classname="backend.tests.test_auto_archive_batch.TestAutoArchiveSingleFrame" name="test_update_frame_completed_qty" time="0.010" /><testcase classname="backend.tests.test_auto_archive_batch.TestAutoArchiveSingleFrame" name="test_move_single_frame_to_inventory_auto_archives" time="0.021" /><testcase classname="backend.tests.test_auto_archive_batch.TestAutoArchiveSingleFrame" name="test_verify_batch_is_archived" time="0.014" /><testcase classname="backend.tests.test_auto_archive_batch.TestAutoArchiveMoveAllFrames" name="test_create_batch_with_multiple_frames" time="0.010" /><testcase classname="backend.tests.test_auto_archive_batch.TestAutoArchiveMoveAllFrames" name="test_get_all_frames" time="0.009" /><testcase classname="backend.tests.test_auto_archive_batch.TestAutoArchiveMoveAllFrames" name="test_move_all_frames_to_qc" time="0.084" /><testcase classname="backend.tests.test_auto_archive_batch.TestAutoArchiveMoveAllFrames" name="test_update_all_frames_completed" time="0.077" /><testcase classname="backend.tests.test_auto_archive_batch.TestAutoArchiveMoveAllFrames" name="test_move_all_to_inventory_auto_archives" time="0.018" /><testcase classname="backend.tests.test_auto_archive_batch.TestAutoArchiveMoveAllFrames" name="test_verify_batch_archived_after_move_all" time="0.013" /><testcase classname="backend.tests.test_auto_archive_batch.TestBatchNotArchivedWhenFramesRemain" name="test_create_batch_with_two_frames" time="0.009" /><testcase classname="backend.tests.test_auto_archive_batch.TestBatchNotArchivedWhenFramesRemain" name="test_get_frames_for_partial" time="0.010" /><testcase classname="backend.tests.test_auto_archive_batch.TestBatchNotArchivedWhenFramesRemain" name="test_move_frames_to_qc_partial" time="0.025" /><testcase classname="backend.tests.test_auto_archive_batch.TestBatchNotArchivedWhenFramesRemain" name="test_update_only_first_frame" time="0.060" /><testcase classname="backend.tests.test_auto_archive_batch.TestBatchNotArchivedWhenFramesRemain" name="test_move_one_frame_batch_not_archived" time="0.020" /><testcase classname="backend.tests.test_auto_archive_batch.TestBatchNotArchivedWhenFramesRemain" name="test_verify_batch_still_active" time="0.009" /><testcase classname="backend.tests.test_auto_archive_batch.TestArchivedBatchesInHistory" name="test_get_archived_batches" time="0.008" /><testcase classname="backend.tests.test_auto_archive_batch.TestCleanup" name="test_cleanup_test_batches" time="0.122" /></testsuite></testsuites>