<?xml version="1.0" encoding="utf-8"?><testsuites name="pytest tests"><testsuite name="pytest" errors="0" failures="0" skipped="0" tests="18" time="5.538" timestamp="2026-02-10T03:48:18.772356+00:00" hostname="agent-env-4a0ae723-700c-4e1e-b526-7ad057a632af"><testcase classname="backend.tests.test_automation_rules.TestAutomationBackend" name="test_get_lead_assignment_rules" time="0.164" /><testcase classname="backend.tests.test_automation_rules.TestAutomationBackend" name="test_create_lead_assignment_rule_round_robin" time="0.236" /><testcase classname="backend.tests.test_automation_rules.TestAutomationBackend" name="test_create_lead_assignment_rule_by_territory" time="0.161" /><testcase classname="backend.tests.test_automation_rules.TestAutomationBackend" name="test_update_lead_assignment_rule" time="0.230" /><testcase classname="backend.tests.test_automation_rules.TestAutomationBackend" name="test_delete_lead_assignment_rule" time="0.229" /><testcase classname="backend.tests.test_automation_rules.TestAutomationBackend" name="test_get_stale_opportunity_rules" time="0.118" /><testcase classname="backend.tests.test_automation_rules.TestAutomationBackend" name="test_create_stale_opportunity_rule" time="0.167" /><testcase classname="backend.tests.test_automation_rules.TestAutomationBackend" name="test_update_stale_opportunity_rule" time="0.135" /><testcase classname="backend.tests.test_automation_rules.TestAutomationBackend" name="test_delete_stale_opportunity_rule" time="0.153" /><testcase classname="backend.tests.test_automation_rules.TestAutomationBackend" name="test_run_stale_check_manually" time="0.127" /><testcase classname="backend.tests.test_automation_rules.TestAutomationBackend" name="test_lead_creation_triggers_assignment" time="2.204" /><testcase classname="backend.tests.test_automation_rules.TestAutomationBackend" name="test_opportunity_amount_change_logged" time="0.237" /><testcase classname="backend.tests.test_automation_rules.TestAutomationBackend" name="test_opportunity_close_date_change_logged" time="0.242" /><testcase classname="backend.tests.test_automation_rules.TestAutomationBackend" name="test_opportunity_won_event_logged" time="0.221" /><testcase classname="backend.tests.test_automation_rules.TestAutomationBackend" name="test_opportunity_lost_event_logged" time="0.263" /><testcase classname="backend.tests.test_automation_rules.TestAutomationBackend" name="test_lead_assignment_rules_permission" time="0.246" /><testcase classname="backend.tests.test_automation_rules.TestAutomationBackend" name="test_run_stale_check_requires_admin" time="0.103" /><testcase classname="backend.tests.test_automation_rules.TestAutomationBackend" name="test_get_lead_assignment_rules_with_status_filter" time="0.209" /></testsuite></testsuites>