<?xml version="1.0" encoding="utf-8"?><testsuites name="pytest tests"><testsuite name="pytest" errors="0" failures="1" skipped="0" tests="10" time="0.907" timestamp="2026-02-10T01:02:26.181736+00:00" hostname="agent-env-0bb656bf-cca2-47f5-96a1-abbbca512dd3"><testcase classname="tests.test_auto_logout_timers.TestAutoLogoutEndpoints" name="test_dev_login_works" time="0.074"><failure message="AssertionError: User data should contain user_id&#10;assert 'user_id' in {'message': 'Test session created', 'redirect': '/pos'}&#10; +  where {'message': 'Test session created', 'redirect': '/pos'} = &lt;test_auto_logout_timers.TestAutoLogoutEndpoints object at 0xfd425f8e6fd0&gt;.user_data">tests/test_auto_logout_timers.py:35: in test_dev_login_works
    assert "user_id" in self.user_data, "User data should contain user_id"
E   AssertionError: User data should contain user_id
E   assert 'user_id' in {'message': 'Test session created', 'redirect': '/pos'}
E    +  where {'message': 'Test session created', 'redirect': '/pos'} = &lt;test_auto_logout_timers.TestAutoLogoutEndpoints object at 0xfd425f8e6fd0&gt;.user_data</failure></testcase><testcase classname="tests.test_auto_logout_timers.TestAutoLogoutEndpoints" name="test_fulfillment_stop_all_timers_endpoint_exists" time="0.054" /><testcase classname="tests.test_auto_logout_timers.TestAutoLogoutEndpoints" name="test_production_stop_all_timers_endpoint_exists" time="0.051" /><testcase classname="tests.test_auto_logout_timers.TestAutoLogoutEndpoints" name="test_activity_heartbeat_endpoint_exists" time="0.046" /><testcase classname="tests.test_auto_logout_timers.TestAutoLogoutEndpoints" name="test_heartbeat_multiple_calls" time="0.116" /><testcase classname="tests.test_auto_logout_timers.TestAutoLogoutEndpoints" name="test_stop_all_without_auth_fails" time="0.109" /><testcase classname="tests.test_auto_logout_timers.TestStopAllTimersWithActiveTimers" name="test_fulfillment_stop_all_returns_stopped_count" time="0.093" /><testcase classname="tests.test_auto_logout_timers.TestStopAllTimersWithActiveTimers" name="test_production_stop_all_returns_stopped_count" time="0.053" /><testcase classname="tests.test_auto_logout_timers.TestLogoutFlow" name="test_logout_endpoint_exists" time="0.088" /><testcase classname="tests.test_auto_logout_timers.TestLogoutFlow" name="test_full_logout_flow" time="0.135" /></testsuite></testsuites>