<?xml version="1.0" encoding="utf-8"?><testsuites name="pytest tests"><testsuite name="pytest" errors="0" failures="0" skipped="0" tests="9" time="0.679" timestamp="2026-02-03T04:02:23.383372+00:00" hostname="agent-env-87d24ac9-3029-41f9-b1a2-b9372942a0f5"><testcase classname="backend.tests.test_batch_creation_fulfillment.TestBatchCreationFulfillmentStage" name="test_fulfillment_stages_exist" time="0.078" /><testcase classname="backend.tests.test_batch_creation_fulfillment.TestBatchCreationFulfillmentStage" name="test_orders_are_unbatched" time="0.088" /><testcase classname="backend.tests.test_batch_creation_fulfillment.TestBatchCreationFulfillmentStage" name="test_create_batch_assigns_to_print_list" time="0.085" /><testcase classname="backend.tests.test_batch_creation_fulfillment.TestBatchCreationFulfillmentStage" name="test_orders_have_print_list_stage" time="0.056" /><testcase classname="backend.tests.test_batch_creation_fulfillment.TestBatchCreationFulfillmentStage" name="test_orders_not_in_production_stage" time="0.096" /><testcase classname="backend.tests.test_batch_creation_fulfillment.TestBatchCreationFulfillmentStage" name="test_batch_in_production_batches" time="0.048" /><testcase classname="backend.tests.test_batch_creation_fulfillment.TestBatchCreationCleanup" name="test_delete_batch" time="0.045" /><testcase classname="backend.tests.test_batch_creation_fulfillment.TestBatchCreationCleanup" name="test_orders_returned_to_unbatched" time="0.047" /><testcase classname="backend.tests.test_batch_creation_fulfillment.TestFulfillmentSummary" name="test_summary_endpoint" time="0.064" /></testsuite></testsuites>