<?xml version="1.0" encoding="utf-8"?><testsuites name="pytest tests"><testsuite name="pytest" errors="0" failures="0" skipped="0" tests="16" time="2.036" timestamp="2026-02-14T16:53:16.560648+00:00" hostname="agent-env-fd4a5e09-8a86-4087-bc15-6d87ed82f804"><testcase classname="tests.test_campaigns.TestCampaignCRUD" name="test_list_campaigns" time="0.425" /><testcase classname="tests.test_campaigns.TestCampaignCRUD" name="test_create_campaign" time="0.135" /><testcase classname="tests.test_campaigns.TestCampaignCRUD" name="test_get_campaign_detail" time="0.131" /><testcase classname="tests.test_campaigns.TestCampaignCRUD" name="test_get_campaign_not_found" time="0.070" /><testcase classname="tests.test_campaigns.TestCampaignCRUD" name="test_update_campaign" time="0.135" /><testcase classname="tests.test_campaigns.TestCampaignCRUD" name="test_delete_campaign" time="0.196" /><testcase classname="tests.test_campaigns.TestCampaignCRUD" name="test_delete_nonexistent_campaign" time="0.061" /><testcase classname="tests.test_campaigns.TestCampaignFilters" name="test_filter_by_status" time="0.071" /><testcase classname="tests.test_campaigns.TestCampaignFilters" name="test_filter_by_type" time="0.062" /><testcase classname="tests.test_campaigns.TestCampaignFilters" name="test_search_campaigns" time="0.066" /><testcase classname="tests.test_campaigns.TestCampaignReports" name="test_summary_report" time="0.063" /><testcase classname="tests.test_campaigns.TestCampaignReports" name="test_performance_report" time="0.063" /><testcase classname="tests.test_campaigns.TestCampaignConfig" name="test_get_campaign_types" time="0.061" /><testcase classname="tests.test_campaigns.TestCampaignAttribution" name="test_attribute_lead_to_campaign" time="0.202" /><testcase classname="tests.test_campaigns.TestCampaignAttribution" name="test_attribute_lead_not_found" time="0.065" /><testcase classname="tests.test_campaigns.TestCampaignAttribution" name="test_attribute_to_nonexistent_campaign" time="0.144" /></testsuite></testsuites>