<?xml version="1.0" encoding="utf-8"?><testsuites name="pytest tests"><testsuite name="pytest" errors="0" failures="2" skipped="0" tests="21" time="7.266" timestamp="2026-02-14T19:42:13.166816+00:00" hostname="agent-env-fd4a5e09-8a86-4087-bc15-6d87ed82f804"><testcase classname="tests.test_cases.TestCasesConfig" name="test_get_case_config" time="0.338" /><testcase classname="tests.test_cases.TestCaseCRUD" name="test_create_case" time="0.209" /><testcase classname="tests.test_cases.TestCaseCRUD" name="test_list_cases" time="0.136" /><testcase classname="tests.test_cases.TestCaseCRUD" name="test_get_case_detail" time="0.316" /><testcase classname="tests.test_cases.TestCaseCRUD" name="test_get_nonexistent_case" time="0.201" /><testcase classname="tests.test_cases.TestCaseCRUD" name="test_update_case" time="0.504" /><testcase classname="tests.test_cases.TestCaseCRUD" name="test_update_nonexistent_case" time="0.512" /><testcase classname="tests.test_cases.TestCaseCRUD" name="test_resolve_case" time="0.478" /><testcase classname="tests.test_cases.TestCaseComments" name="test_add_comment" time="0.505" /><testcase classname="tests.test_cases.TestCaseComments" name="test_add_public_comment_sets_first_response" time="0.357" /><testcase classname="tests.test_cases.TestCaseComments" name="test_comment_on_nonexistent_case" time="0.238" /><testcase classname="tests.test_cases.TestCaseFilters" name="test_filter_by_status" time="0.128" /><testcase classname="tests.test_cases.TestCaseFilters" name="test_filter_by_priority" time="0.277" /><testcase classname="tests.test_cases.TestCaseFilters" name="test_search_cases" time="0.125" /><testcase classname="tests.test_cases.TestCaseStats" name="test_get_case_stats" time="0.144" /><testcase classname="tests.test_cases.TestCasesByAccount" name="test_get_cases_by_account" time="0.165" /><testcase classname="tests.test_cases.TestBulkOperations" name="test_bulk_status_update" time="0.364"><failure message="AssertionError: Expected 200, got 422: {&quot;detail&quot;:[{&quot;type&quot;:&quot;missing&quot;,&quot;loc&quot;:[&quot;query&quot;,&quot;status&quot;],&quot;msg&quot;:&quot;Field required&quot;,&quot;input&quot;:null,&quot;url&quot;:&quot;https://errors.pydantic.dev/2.12/v/missing&quot;},{&quot;type&quot;:&quot;list_type&quot;,&quot;loc&quot;:[&quot;body&quot;],&quot;msg&quot;:&quot;Input should be a valid list&quot;,&quot;input&quot;:{&quot;case_ids&quot;:[&quot;case_36ffd4e3630e&quot;,&quot;case_9a0958e3b1c2&quot;],&quot;status&quot;:&quot;in_progress&quot;},&quot;url&quot;:&quot;https://errors.pydantic.dev/2.12/v/list_type&quot;}]}&#10;assert 422 == 200&#10; +  where 422 = &lt;Response [422]&gt;.status_code">tests/test_cases.py:491: in test_bulk_status_update
    assert response.status_code == 200, f"Expected 200, got {response.status_code}: {response.text}"
E   AssertionError: Expected 200, got 422: {"detail":[{"type":"missing","loc":["query","status"],"msg":"Field required","input":null,"url":"https://errors.pydantic.dev/2.12/v/missing"},{"type":"list_type","loc":["body"],"msg":"Input should be a valid list","input":{"case_ids":["case_36ffd4e3630e","case_9a0958e3b1c2"],"status":"in_progress"},"url":"https://errors.pydantic.dev/2.12/v/list_type"}]}
E   assert 422 == 200
E    +  where 422 = &lt;Response [422]&gt;.status_code</failure></testcase><testcase classname="tests.test_cases.TestBulkOperations" name="test_bulk_status_invalid_status" time="0.152"><failure message="AssertionError: Expected 400, got 422&#10;assert 422 == 400&#10; +  where 422 = &lt;Response [422]&gt;.status_code">tests/test_cases.py:513: in test_bulk_status_invalid_status
    assert response.status_code == 400, f"Expected 400, got {response.status_code}"
E   AssertionError: Expected 400, got 422
E   assert 422 == 400
E    +  where 422 = &lt;Response [422]&gt;.status_code</failure></testcase><testcase classname="tests.test_cases.TestCaseDelete" name="test_delete_case" time="0.416" /><testcase classname="tests.test_cases.TestCaseDelete" name="test_delete_nonexistent_case" time="0.127" /><testcase classname="tests.test_cases.TestCleanup" name="test_cleanup_test_cases" time="1.452" /></testsuite></testsuites>