<?xml version="1.0" encoding="utf-8"?><testsuites name="pytest tests"><testsuite name="pytest" errors="0" failures="0" skipped="0" tests="21" time="7.555" timestamp="2026-02-14T19:42:47.779732+00:00" hostname="agent-env-fd4a5e09-8a86-4087-bc15-6d87ed82f804"><testcase classname="tests.test_cases.TestCasesConfig" name="test_get_case_config" time="0.247" /><testcase classname="tests.test_cases.TestCaseCRUD" name="test_create_case" time="0.184" /><testcase classname="tests.test_cases.TestCaseCRUD" name="test_list_cases" time="0.153" /><testcase classname="tests.test_cases.TestCaseCRUD" name="test_get_case_detail" time="0.508" /><testcase classname="tests.test_cases.TestCaseCRUD" name="test_get_nonexistent_case" time="0.114" /><testcase classname="tests.test_cases.TestCaseCRUD" name="test_update_case" time="0.457" /><testcase classname="tests.test_cases.TestCaseCRUD" name="test_update_nonexistent_case" time="0.142" /><testcase classname="tests.test_cases.TestCaseCRUD" name="test_resolve_case" time="0.448" /><testcase classname="tests.test_cases.TestCaseComments" name="test_add_comment" time="0.355" /><testcase classname="tests.test_cases.TestCaseComments" name="test_add_public_comment_sets_first_response" time="0.358" /><testcase classname="tests.test_cases.TestCaseComments" name="test_comment_on_nonexistent_case" time="0.260" /><testcase classname="tests.test_cases.TestCaseFilters" name="test_filter_by_status" time="0.166" /><testcase classname="tests.test_cases.TestCaseFilters" name="test_filter_by_priority" time="0.332" /><testcase classname="tests.test_cases.TestCaseFilters" name="test_search_cases" time="0.111" /><testcase classname="tests.test_cases.TestCaseStats" name="test_get_case_stats" time="0.120" /><testcase classname="tests.test_cases.TestCasesByAccount" name="test_get_cases_by_account" time="0.141" /><testcase classname="tests.test_cases.TestBulkOperations" name="test_bulk_status_update" time="0.612" /><testcase classname="tests.test_cases.TestBulkOperations" name="test_bulk_status_invalid_status" time="0.122" /><testcase classname="tests.test_cases.TestCaseDelete" name="test_delete_case" time="0.384" /><testcase classname="tests.test_cases.TestCaseDelete" name="test_delete_nonexistent_case" time="0.116" /><testcase classname="tests.test_cases.TestCleanup" name="test_cleanup_test_cases" time="2.166" /></testsuite></testsuites>