<?xml version="1.0" encoding="utf-8"?><testsuites name="pytest tests"><testsuite name="pytest" errors="0" failures="0" skipped="0" tests="28" time="1.025" timestamp="2026-02-10T02:13:55.924896+00:00" hostname="agent-env-0bb656bf-cca2-47f5-96a1-abbbca512dd3"><testcase classname="tests.test_crm_module.TestCRMDashboard" name="test_dashboard_loads_this_month" time="0.092" /><testcase classname="tests.test_crm_module.TestCRMDashboard" name="test_dashboard_different_periods" time="0.070" /><testcase classname="tests.test_crm_module.TestCRMDashboard" name="test_stale_opportunities_endpoint" time="0.010" /><testcase classname="tests.test_crm_module.TestCRMDashboard" name="test_closing_soon_endpoint" time="0.012" /><testcase classname="tests.test_crm_module.TestAccountsCRUD" name="test_list_accounts" time="0.013" /><testcase classname="tests.test_crm_module.TestAccountsCRUD" name="test_create_account" time="0.012" /><testcase classname="tests.test_crm_module.TestAccountsCRUD" name="test_get_account_details" time="0.013" /><testcase classname="tests.test_crm_module.TestAccountsCRUD" name="test_update_account" time="0.024" /><testcase classname="tests.test_crm_module.TestAccountsCRUD" name="test_search_accounts" time="0.011" /><testcase classname="tests.test_crm_module.TestLeadsCRUD" name="test_list_leads" time="0.012" /><testcase classname="tests.test_crm_module.TestLeadsCRUD" name="test_create_lead" time="0.016" /><testcase classname="tests.test_crm_module.TestLeadsCRUD" name="test_get_lead_details" time="0.010" /><testcase classname="tests.test_crm_module.TestLeadsCRUD" name="test_update_lead" time="0.060" /><testcase classname="tests.test_crm_module.TestLeadsCRUD" name="test_filter_leads_by_source" time="0.010" /><testcase classname="tests.test_crm_module.TestLeadsCRUD" name="test_filter_leads_by_status" time="0.010" /><testcase classname="tests.test_crm_module.TestLeadConversion" name="test_convert_lead_with_opportunity" time="0.063" /><testcase classname="tests.test_crm_module.TestLeadConversion" name="test_convert_lead_without_opportunity" time="0.063" /><testcase classname="tests.test_crm_module.TestLeadConversion" name="test_cannot_convert_already_converted_lead" time="0.028" /><testcase classname="tests.test_crm_module.TestOpportunitiesCRUD" name="test_list_opportunities" time="0.010" /><testcase classname="tests.test_crm_module.TestOpportunitiesCRUD" name="test_get_pipeline_kanban" time="0.011" /><testcase classname="tests.test_crm_module.TestOpportunitiesCRUD" name="test_create_opportunity" time="0.052" /><testcase classname="tests.test_crm_module.TestOpportunitiesCRUD" name="test_get_opportunity_details" time="0.012" /><testcase classname="tests.test_crm_module.TestOpportunityStageChange" name="test_update_opportunity_stage" time="0.019" /><testcase classname="tests.test_crm_module.TestOpportunityStageChange" name="test_update_to_closed_won" time="0.121" /><testcase classname="tests.test_crm_module.TestOpportunityStageChange" name="test_update_to_closed_lost" time="0.038" /><testcase classname="tests.test_crm_module.TestCRMSettings" name="test_get_settings_returns_stages" time="0.050" /><testcase classname="tests.test_crm_module.TestCleanup" name="test_delete_test_leads" time="0.020" /><testcase classname="tests.test_crm_module.TestCleanup" name="test_delete_test_accounts" time="0.060" /></testsuite></testsuites>