<?xml version="1.0" encoding="utf-8"?><testsuites name="pytest tests"><testsuite name="pytest" errors="0" failures="4" skipped="13" tests="17" time="0.564" timestamp="2026-02-14T11:38:34.198103+00:00" hostname="agent-env-5d7ebf9d-bbd0-4345-b3b5-4b17226740e7"><testcase classname="backend.tests.test_crm_quotes.TestQuotesListEndpoint" name="test_list_quotes_returns_200" time="0.245"><failure message="AssertionError: Expected 200, got 401: {&quot;detail&quot;:&quot;Not authenticated&quot;}&#10;assert 401 == 200&#10; +  where 401 = &lt;Response [401]&gt;.status_code">backend/tests/test_crm_quotes.py:76: in test_list_quotes_returns_200
    assert res.status_code == 200, f"Expected 200, got {res.status_code}: {res.text}"
E   AssertionError: Expected 200, got 401: {"detail":"Not authenticated"}
E   assert 401 == 200
E    +  where 401 = &lt;Response [401]&gt;.status_code</failure></testcase><testcase classname="backend.tests.test_crm_quotes.TestQuotesListEndpoint" name="test_list_quotes_with_status_filter" time="0.046"><failure message="assert 401 == 200&#10; +  where 401 = &lt;Response [401]&gt;.status_code">backend/tests/test_crm_quotes.py:85: in test_list_quotes_with_status_filter
    assert res.status_code == 200
E   assert 401 == 200
E    +  where 401 = &lt;Response [401]&gt;.status_code</failure></testcase><testcase classname="backend.tests.test_crm_quotes.TestQuoteCreation" name="test_create_quote_success" time="0.053"><skipped type="pytest.skip" message="Could not create test account">/app/backend/tests/test_crm_quotes.py:97: Could not create test account</skipped></testcase><testcase classname="backend.tests.test_crm_quotes.TestQuoteCreation" name="test_create_quote_version_increments" time="0.000"><skipped type="pytest.skip" message="Could not create test account">/app/backend/tests/test_crm_quotes.py:146: Could not create test account</skipped></testcase><testcase classname="backend.tests.test_crm_quotes.TestQuoteDetails" name="test_get_quote_details" time="0.000"><skipped type="pytest.skip" message="Could not create test account">/app/backend/tests/test_crm_quotes.py:169: Could not create test account</skipped></testcase><testcase classname="backend.tests.test_crm_quotes.TestQuoteStatusWorkflow" name="test_send_quote" time="0.000"><skipped type="pytest.skip" message="Could not create test account">/app/backend/tests/test_crm_quotes.py:218: Could not create test account</skipped></testcase><testcase classname="backend.tests.test_crm_quotes.TestQuoteStatusWorkflow" name="test_accept_quote" time="0.000"><skipped type="pytest.skip" message="Could not create test account">/app/backend/tests/test_crm_quotes.py:233: Could not create test account</skipped></testcase><testcase classname="backend.tests.test_crm_quotes.TestQuoteStatusWorkflow" name="test_reject_quote" time="0.000"><skipped type="pytest.skip" message="Could not create test account">/app/backend/tests/test_crm_quotes.py:262: Could not create test account</skipped></testcase><testcase classname="backend.tests.test_crm_quotes.TestQuoteClone" name="test_clone_quote" time="0.000"><skipped type="pytest.skip" message="Could not create test account">/app/backend/tests/test_crm_quotes.py:293: Could not create test account</skipped></testcase><testcase classname="backend.tests.test_crm_quotes.TestQuoteUpdate" name="test_update_draft_quote" time="0.000"><skipped type="pytest.skip" message="Could not create test account">/app/backend/tests/test_crm_quotes.py:325: Could not create test account</skipped></testcase><testcase classname="backend.tests.test_crm_quotes.TestQuoteUpdate" name="test_cannot_update_sent_quote" time="0.000"><skipped type="pytest.skip" message="Could not create test account">/app/backend/tests/test_crm_quotes.py:353: Could not create test account</skipped></testcase><testcase classname="backend.tests.test_crm_quotes.TestQuoteDelete" name="test_delete_draft_quote" time="0.000"><skipped type="pytest.skip" message="Could not create test account">/app/backend/tests/test_crm_quotes.py:380: Could not create test account</skipped></testcase><testcase classname="backend.tests.test_crm_quotes.TestQuoteDelete" name="test_cannot_delete_sent_quote" time="0.000"><skipped type="pytest.skip" message="Could not create test account">/app/backend/tests/test_crm_quotes.py:403: Could not create test account</skipped></testcase><testcase classname="backend.tests.test_crm_quotes.TestProductSearch" name="test_product_search_endpoint" time="0.050"><failure message="AssertionError: Expected 200, got 401: {&quot;detail&quot;:&quot;Not authenticated&quot;}&#10;assert 401 == 200&#10; +  where 401 = &lt;Response [401]&gt;.status_code">backend/tests/test_crm_quotes.py:432: in test_product_search_endpoint
    assert res.status_code == 200, f"Expected 200, got {res.status_code}: {res.text}"
E   AssertionError: Expected 200, got 401: {"detail":"Not authenticated"}
E   assert 401 == 200
E    +  where 401 = &lt;Response [401]&gt;.status_code</failure></testcase><testcase classname="backend.tests.test_crm_quotes.TestProductSearch" name="test_product_search_requires_query" time="0.046"><failure message="AssertionError: Expected 422, got 401&#10;assert 401 == 422&#10; +  where 401 = &lt;Response [401]&gt;.status_code">backend/tests/test_crm_quotes.py:441: in test_product_search_requires_query
    assert res.status_code == 422, f"Expected 422, got {res.status_code}"
E   AssertionError: Expected 422, got 401
E   assert 401 == 422
E    +  where 401 = &lt;Response [401]&gt;.status_code</failure></testcase><testcase classname="backend.tests.test_crm_quotes.TestConvertToOrder" name="test_convert_accepted_quote_to_order" time="0.000"><skipped type="pytest.skip" message="Could not create test account">/app/backend/tests/test_crm_quotes.py:448: Could not create test account</skipped></testcase><testcase classname="backend.tests.test_crm_quotes.TestConvertToOrder" name="test_cannot_convert_non_accepted_quote" time="0.000"><skipped type="pytest.skip" message="Could not create test account">/app/backend/tests/test_crm_quotes.py:485: Could not create test account</skipped></testcase></testsuite></testsuites>