<?xml version="1.0" encoding="utf-8"?><testsuites name="pytest tests"><testsuite name="pytest" errors="0" failures="0" skipped="0" tests="17" time="3.452" timestamp="2026-02-14T11:38:59.300708+00:00" hostname="agent-env-5d7ebf9d-bbd0-4345-b3b5-4b17226740e7"><testcase classname="backend.tests.test_crm_quotes.TestQuotesListEndpoint" name="test_list_quotes_returns_200" time="0.235" /><testcase classname="backend.tests.test_crm_quotes.TestQuotesListEndpoint" name="test_list_quotes_with_status_filter" time="0.056" /><testcase classname="backend.tests.test_crm_quotes.TestQuoteCreation" name="test_create_quote_success" time="0.422" /><testcase classname="backend.tests.test_crm_quotes.TestQuoteCreation" name="test_create_quote_version_increments" time="0.058" /><testcase classname="backend.tests.test_crm_quotes.TestQuoteDetails" name="test_get_quote_details" time="0.118" /><testcase classname="backend.tests.test_crm_quotes.TestQuoteStatusWorkflow" name="test_send_quote" time="0.163" /><testcase classname="backend.tests.test_crm_quotes.TestQuoteStatusWorkflow" name="test_accept_quote" time="0.243" /><testcase classname="backend.tests.test_crm_quotes.TestQuoteStatusWorkflow" name="test_reject_quote" time="0.235" /><testcase classname="backend.tests.test_crm_quotes.TestQuoteClone" name="test_clone_quote" time="0.121" /><testcase classname="backend.tests.test_crm_quotes.TestQuoteUpdate" name="test_update_draft_quote" time="0.188" /><testcase classname="backend.tests.test_crm_quotes.TestQuoteUpdate" name="test_cannot_update_sent_quote" time="0.546" /><testcase classname="backend.tests.test_crm_quotes.TestQuoteDelete" name="test_delete_draft_quote" time="0.159" /><testcase classname="backend.tests.test_crm_quotes.TestQuoteDelete" name="test_cannot_delete_sent_quote" time="0.236" /><testcase classname="backend.tests.test_crm_quotes.TestProductSearch" name="test_product_search_endpoint" time="0.056" /><testcase classname="backend.tests.test_crm_quotes.TestProductSearch" name="test_product_search_requires_query" time="0.060" /><testcase classname="backend.tests.test_crm_quotes.TestConvertToOrder" name="test_convert_accepted_quote_to_order" time="0.338" /><testcase classname="backend.tests.test_crm_quotes.TestConvertToOrder" name="test_cannot_convert_non_accepted_quote" time="0.130" /></testsuite></testsuites>