<?xml version="1.0" encoding="utf-8"?><testsuites name="pytest tests"><testsuite name="pytest" errors="0" failures="0" skipped="0" tests="35" time="4.161" timestamp="2026-02-01T15:26:47.323440+00:00" hostname="agent-env-62f1e7e0-d886-42df-bc3c-2b3709bb4ca0"><testcase classname="backend.tests.test_daily_limit_report.TestHoursByUserDateReport" name="test_hours_by_user_date_day_period" time="0.079" /><testcase classname="backend.tests.test_daily_limit_report.TestHoursByUserDateReport" name="test_hours_by_user_date_week_period" time="0.042" /><testcase classname="backend.tests.test_daily_limit_report.TestHoursByUserDateReport" name="test_hours_by_user_date_month_period" time="0.037" /><testcase classname="backend.tests.test_daily_limit_report.TestHoursByUserDateReport" name="test_hours_by_user_date_default_period" time="0.037" /><testcase classname="backend.tests.test_daily_limit_report.TestHoursByUserDateReport" name="test_hours_by_user_date_invalid_period" time="0.043" /><testcase classname="backend.tests.test_daily_limit_report.TestHoursByUserDateReport" name="test_hours_by_user_date_unauthenticated" time="0.039" /><testcase classname="backend.tests.test_daily_limit_report.TestDailyHoursCheck" name="test_daily_hours_check_success" time="0.043" /><testcase classname="backend.tests.test_daily_limit_report.TestDailyHoursCheck" name="test_daily_hours_check_unauthenticated" time="0.036" /><testcase classname="backend.tests.test_daily_limit_report.TestAcknowledgeLimitExceeded" name="test_acknowledge_continue_working" time="0.040" /><testcase classname="backend.tests.test_daily_limit_report.TestAcknowledgeLimitExceeded" name="test_acknowledge_stop_working" time="0.041" /><testcase classname="backend.tests.test_daily_limit_report.TestAcknowledgeLimitExceeded" name="test_acknowledge_unauthenticated" time="0.034" /><testcase classname="backend.tests.test_daily_limit_report.TestCheckLimitAcknowledged" name="test_check_limit_acknowledged" time="0.037" /><testcase classname="backend.tests.test_daily_limit_report.TestCheckLimitAcknowledged" name="test_check_limit_acknowledged_unauthenticated" time="0.033" /><testcase classname="backend.tests.test_daily_limit_report.TestDailyLimitWorkflow" name="test_complete_daily_limit_workflow" time="0.158" /><testcase classname="backend.tests.test_fulfillment_timers.TestFulfillmentTimerAuth" name="test_auth_me_works" time="0.040" /><testcase classname="backend.tests.test_fulfillment_timers.TestFulfillmentTimerOperations" name="test_start_timer_success" time="0.155" /><testcase classname="backend.tests.test_fulfillment_timers.TestFulfillmentTimerOperations" name="test_start_timer_invalid_stage" time="0.113" /><testcase classname="backend.tests.test_fulfillment_timers.TestFulfillmentTimerOperations" name="test_only_one_timer_allowed" time="0.175" /><testcase classname="backend.tests.test_fulfillment_timers.TestFulfillmentTimerOperations" name="test_pause_timer_success" time="0.258" /><testcase classname="backend.tests.test_fulfillment_timers.TestFulfillmentTimerOperations" name="test_pause_timer_no_active" time="0.107" /><testcase classname="backend.tests.test_fulfillment_timers.TestFulfillmentTimerOperations" name="test_pause_timer_already_paused" time="0.217" /><testcase classname="backend.tests.test_fulfillment_timers.TestFulfillmentTimerOperations" name="test_resume_timer_success" time="0.228" /><testcase classname="backend.tests.test_fulfillment_timers.TestFulfillmentTimerOperations" name="test_resume_timer_not_paused" time="0.170" /><testcase classname="backend.tests.test_fulfillment_timers.TestFulfillmentTimerOperations" name="test_stop_timer_success" time="0.138" /><testcase classname="backend.tests.test_fulfillment_timers.TestFulfillmentTimerOperations" name="test_stop_timer_no_active" time="0.110" /><testcase classname="backend.tests.test_fulfillment_timers.TestFulfillmentActiveTimer" name="test_get_active_timer_empty" time="0.109" /><testcase classname="backend.tests.test_fulfillment_timers.TestFulfillmentActiveTimer" name="test_get_active_timer_with_timer" time="0.222" /><testcase classname="backend.tests.test_fulfillment_timers.TestFulfillmentActiveTimer" name="test_get_active_timer_paused_state" time="0.205" /><testcase classname="backend.tests.test_fulfillment_timers.TestFulfillmentActiveWorkers" name="test_get_active_workers_empty" time="0.147" /><testcase classname="backend.tests.test_fulfillment_timers.TestFulfillmentActiveWorkers" name="test_get_active_workers_with_timer" time="0.261" /><testcase classname="backend.tests.test_fulfillment_timers.TestFulfillmentKPIs" name="test_get_user_kpis" time="0.036" /><testcase classname="backend.tests.test_fulfillment_timers.TestFulfillmentKPIs" name="test_get_user_kpis_with_stage_filter" time="0.034" /><testcase classname="backend.tests.test_fulfillment_timers.TestFulfillmentKPIs" name="test_get_stage_kpis" time="0.040" /><testcase classname="backend.tests.test_fulfillment_timers.TestFulfillmentTimerWorkflow" name="test_complete_timer_workflow" time="0.363" /><testcase classname="backend.tests.test_fulfillment_timers.TestFulfillmentTimerWorkflow" name="test_switch_stages_workflow" time="0.262" /></testsuite></testsuites>