<?xml version="1.0" encoding="utf-8"?><testsuites name="pytest tests"><testsuite name="pytest" errors="0" failures="0" skipped="0" tests="14" time="1.679" timestamp="2026-02-14T16:45:11.352542+00:00" hostname="agent-env-fd4a5e09-8a86-4087-bc15-6d87ed82f804"><testcase classname="backend.tests.test_gmail_approval_phase3.TestGmailIntegration" name="test_gmail_status_returns_connected_false_when_not_connected" time="0.237" /><testcase classname="backend.tests.test_gmail_approval_phase3.TestGmailIntegration" name="test_gmail_auth_start_returns_authorization_url" time="0.068" /><testcase classname="backend.tests.test_gmail_approval_phase3.TestGmailIntegration" name="test_gmail_disconnect_when_not_connected" time="0.066" /><testcase classname="backend.tests.test_gmail_approval_phase3.TestApprovalRulesCRUD" name="test_list_approval_rules_empty" time="0.062" /><testcase classname="backend.tests.test_gmail_approval_phase3.TestApprovalRulesCRUD" name="test_create_approval_rule_discount_percent" time="0.121" /><testcase classname="backend.tests.test_gmail_approval_phase3.TestApprovalRulesCRUD" name="test_list_approval_rules_has_created_rule" time="0.188" /><testcase classname="backend.tests.test_gmail_approval_phase3.TestApprovalRulesCRUD" name="test_update_approval_rule" time="0.116" /><testcase classname="backend.tests.test_gmail_approval_phase3.TestApprovalRulesCRUD" name="test_filter_approval_rules_by_status" time="0.061" /><testcase classname="backend.tests.test_gmail_approval_phase3.TestApprovalRequests" name="test_list_approval_requests_initially" time="0.118" /><testcase classname="backend.tests.test_gmail_approval_phase3.TestApprovalRequests" name="test_my_pending_approvals_endpoint" time="0.113" /><testcase classname="backend.tests.test_gmail_approval_phase3.TestApprovalRequests" name="test_list_approval_requests_with_filters" time="0.107" /><testcase classname="backend.tests.test_gmail_approval_phase3.TestApprovalRequests" name="test_list_approval_requests_pending_for_me" time="0.121" /><testcase classname="backend.tests.test_gmail_approval_phase3.TestApprovalRulesDelete" name="test_delete_approval_rule" time="0.163" /><testcase classname="backend.tests.test_gmail_approval_phase3.TestApprovalRulesDelete" name="test_delete_nonexistent_rule_returns_404" time="0.064" /></testsuite></testsuites>