<?xml version="1.0" encoding="utf-8"?><testsuites name="pytest tests"><testsuite name="pytest" errors="0" failures="0" skipped="0" tests="17" time="4.122" timestamp="2026-02-01T20:19:23.675768+00:00" hostname="agent-env-a3a6f65a-eeb2-43d2-a4b8-c767a6c6afd6"><testcase classname="tests.test_orders_team.TestOrdersAPI" name="test_orders_active_status_returns_254" time="0.477" /><testcase classname="tests.test_orders_team.TestOrdersAPI" name="test_orders_active_excludes_shipped" time="0.442" /><testcase classname="tests.test_orders_team.TestOrdersAPI" name="test_orders_active_excludes_cancelled" time="0.417" /><testcase classname="tests.test_orders_team.TestOrdersAPI" name="test_orders_active_excludes_completed" time="0.417" /><testcase classname="tests.test_orders_team.TestOrdersAPI" name="test_orders_all_status_returns_more" time="1.058" /><testcase classname="tests.test_orders_team.TestOrdersAPI" name="test_orders_with_store_filter" time="0.416" /><testcase classname="tests.test_orders_team.TestOrdersAPI" name="test_orders_response_structure" time="0.386" /><testcase classname="tests.test_orders_team.TestTeamAPI" name="test_users_endpoint" time="0.043" /><testcase classname="tests.test_orders_team.TestTeamAPI" name="test_users_response_structure" time="0.038" /><testcase classname="tests.test_orders_team.TestTeamAPI" name="test_stats_users_endpoint" time="0.038" /><testcase classname="tests.test_orders_team.TestTeamAPI" name="test_stats_users_with_period_day" time="0.044" /><testcase classname="tests.test_orders_team.TestTeamAPI" name="test_stats_users_with_period_week" time="0.040" /><testcase classname="tests.test_orders_team.TestTeamAPI" name="test_stats_users_with_period_month" time="0.037" /><testcase classname="tests.test_orders_team.TestTeamAPI" name="test_stats_users_response_structure" time="0.033" /><testcase classname="tests.test_orders_team.TestAuthRequired" name="test_orders_requires_auth" time="0.038" /><testcase classname="tests.test_orders_team.TestAuthRequired" name="test_users_requires_auth" time="0.037" /><testcase classname="tests.test_orders_team.TestAuthRequired" name="test_stats_users_requires_auth" time="0.035" /></testsuite></testsuites>