<?xml version="1.0" encoding="utf-8"?><testsuites name="pytest tests"><testsuite name="pytest" errors="0" failures="0" skipped="0" tests="14" time="2.615" timestamp="2026-02-01T23:12:35.365817+00:00" hostname="agent-env-579143fd-9bf4-4485-a274-fe2350579e28"><testcase classname="backend.tests.test_p0_fixes.TestFrameUpdateEndpoint" name="test_update_frame_qty_completed_only" time="0.086" /><testcase classname="backend.tests.test_p0_fixes.TestFrameUpdateEndpoint" name="test_update_frame_qty_rejected_only" time="0.078" /><testcase classname="backend.tests.test_p0_fixes.TestFrameUpdateEndpoint" name="test_update_frame_both_qty_completed_and_rejected" time="0.041" /><testcase classname="backend.tests.test_p0_fixes.TestFrameUpdateEndpoint" name="test_update_nonexistent_frame" time="0.418" /><testcase classname="backend.tests.test_p0_fixes.TestQualityCheckStage" name="test_frames_in_quality_check_stage" time="0.035" /><testcase classname="backend.tests.test_p0_fixes.TestQualityCheckStage" name="test_quality_check_stage_exists" time="0.433" /><testcase classname="backend.tests.test_p0_fixes.TestBatchFramesEndpoint" name="test_get_batch_frames" time="0.036" /><testcase classname="backend.tests.test_p0_fixes.TestBatchFramesEndpoint" name="test_frames_have_rejection_field" time="0.008" /><testcase classname="backend.tests.test_p0_fixes.TestBatchFramesEndpoint" name="test_frames_filter_by_stage" time="0.361" /><testcase classname="backend.tests.test_p0_fixes.TestActiveTimerEndpoint" name="test_get_active_timers" time="0.036" /><testcase classname="backend.tests.test_p0_fixes.TestActiveTimerEndpoint" name="test_stages_active_workers" time="0.449" /><testcase classname="backend.tests.test_p0_fixes.TestAuthRequired" name="test_frames_requires_auth" time="0.031" /><testcase classname="backend.tests.test_p0_fixes.TestAuthRequired" name="test_update_frame_requires_auth" time="0.031" /><testcase classname="backend.tests.test_p0_fixes.TestAuthRequired" name="test_active_timers_requires_auth" time="0.499" /></testsuite></testsuites>