<?xml version="1.0" encoding="utf-8"?><testsuites name="pytest tests"><testsuite name="pytest" errors="0" failures="0" skipped="0" tests="14" time="0.847" timestamp="2026-02-08T16:18:27.811589+00:00" hostname="agent-env-43801595-2d4a-4897-8519-6e7cff385af7"><testcase classname="backend.tests.test_pos_customer_search.TestCustomerSearchEnhancedFields" name="test_response_includes_name_field" time="0.077" /><testcase classname="backend.tests.test_pos_customer_search.TestCustomerSearchEnhancedFields" name="test_response_includes_company_field" time="0.075" /><testcase classname="backend.tests.test_pos_customer_search.TestCustomerSearchEnhancedFields" name="test_response_includes_default_address" time="0.026" /><testcase classname="backend.tests.test_pos_customer_search.TestCustomerSearchEnhancedFields" name="test_response_includes_orders_count" time="0.023" /><testcase classname="backend.tests.test_pos_customer_search.TestCustomerSearchEnhancedFields" name="test_response_includes_total_spent" time="0.069" /><testcase classname="backend.tests.test_pos_customer_search.TestCustomerSearchByFields" name="test_search_by_first_name" time="0.029" /><testcase classname="backend.tests.test_pos_customer_search.TestCustomerSearchByFields" name="test_search_by_last_name" time="0.110" /><testcase classname="backend.tests.test_pos_customer_search.TestCustomerSearchByFields" name="test_search_by_city" time="0.068" /><testcase classname="backend.tests.test_pos_customer_search.TestCustomerSearchByFields" name="test_search_by_state" time="0.070" /><testcase classname="backend.tests.test_pos_customer_search.TestCustomerSearchByFields" name="test_search_by_email" time="0.027" /><testcase classname="backend.tests.test_pos_customer_search.TestCustomerSearchByFields" name="test_search_by_company" time="0.067" /><testcase classname="backend.tests.test_pos_customer_search.TestCustomerSearchBehavior" name="test_empty_query_returns_results" time="0.061" /><testcase classname="backend.tests.test_pos_customer_search.TestCustomerSearchBehavior" name="test_limit_parameter_works" time="0.066" /><testcase classname="backend.tests.test_pos_customer_search.TestCustomerSearchBehavior" name="test_results_sorted_by_name" time="0.022" /></testsuite></testsuites>