<?xml version="1.0" encoding="utf-8"?><testsuites name="pytest tests"><testsuite name="pytest" errors="0" failures="0" skipped="0" tests="16" time="0.885" timestamp="2026-02-08T16:07:24.055434+00:00" hostname="agent-env-43801595-2d4a-4897-8519-6e7cff385af7"><testcase classname="backend.tests.test_pos.TestPOSStores" name="test_get_stores_authenticated" time="0.061" /><testcase classname="backend.tests.test_pos.TestPOSStores" name="test_get_stores_returns_shopify_stores" time="0.011" /><testcase classname="backend.tests.test_pos.TestPOSStores" name="test_get_stores_unauthenticated" time="0.036" /><testcase classname="backend.tests.test_pos.TestPOSProductSearch" name="test_search_products_by_query" time="0.041" /><testcase classname="backend.tests.test_pos.TestPOSProductSearch" name="test_search_products_response_structure" time="0.025" /><testcase classname="backend.tests.test_pos.TestPOSProductSearch" name="test_search_products_by_sku" time="0.029" /><testcase classname="backend.tests.test_pos.TestPOSProductSearch" name="test_search_products_empty_query" time="0.081" /><testcase classname="backend.tests.test_pos.TestPOSProductSearch" name="test_search_products_missing_store_id" time="0.010" /><testcase classname="backend.tests.test_pos.TestPOSCustomerSearch" name="test_search_customers_by_query" time="0.025" /><testcase classname="backend.tests.test_pos.TestPOSCustomerSearch" name="test_search_customers_response_structure" time="0.070" /><testcase classname="backend.tests.test_pos.TestPOSCustomerSearch" name="test_search_customers_empty_query" time="0.018" /><testcase classname="backend.tests.test_pos.TestPOSOrderCreation" name="test_create_order_empty_cart" time="0.288" /><testcase classname="backend.tests.test_pos.TestPOSOrderCreation" name="test_create_order_invalid_store" time="0.009" /><testcase classname="backend.tests.test_pos.TestPOSOrderCreation" name="test_create_order_request_validation" time="0.060" /><testcase classname="backend.tests.test_pos.TestPOSProductBarcode" name="test_barcode_lookup_not_found" time="0.025" /><testcase classname="backend.tests.test_pos.TestPOSProductBarcode" name="test_barcode_lookup_valid" time="0.027" /></testsuite></testsuites>