<?xml version="1.0" encoding="utf-8"?><testsuites name="pytest tests"><testsuite name="pytest" errors="0" failures="0" skipped="0" tests="11" time="1.499" timestamp="2026-02-06T04:09:09.600801+00:00" hostname="agent-env-919289ab-60d6-4f13-a29e-275839a54415"><testcase classname="backend.tests.test_production_user_date_report.TestProductionHoursByUserDateEndpoint" name="test_endpoint_returns_200_with_day_period" time="0.713" /><testcase classname="backend.tests.test_production_user_date_report.TestProductionHoursByUserDateEndpoint" name="test_endpoint_returns_200_with_week_period" time="0.034" /><testcase classname="backend.tests.test_production_user_date_report.TestProductionHoursByUserDateEndpoint" name="test_endpoint_returns_200_with_month_period" time="0.035" /><testcase classname="backend.tests.test_production_user_date_report.TestProductionHoursByUserDateEndpoint" name="test_response_structure" time="0.037" /><testcase classname="backend.tests.test_production_user_date_report.TestProductionHoursByUserDateEndpoint" name="test_data_array_structure" time="0.037" /><testcase classname="backend.tests.test_production_user_date_report.TestProductionHoursByUserDateEndpoint" name="test_entries_array_structure" time="0.035" /><testcase classname="backend.tests.test_production_user_date_report.TestProductionHoursByUserDateEndpoint" name="test_total_hours_calculation" time="0.033" /><testcase classname="backend.tests.test_production_user_date_report.TestProductionHoursByUserDateEndpoint" name="test_labor_cost_calculation" time="0.040" /><testcase classname="backend.tests.test_production_user_date_report.TestProductionHoursByUserDateEndpoint" name="test_exceeds_limit_flag" time="0.036" /><testcase classname="backend.tests.test_production_user_date_report.TestProductionHoursByUserDateEndpoint" name="test_endpoint_requires_authentication" time="0.036" /><testcase classname="backend.tests.test_production_user_date_report.TestProductionHoursByUserDateEndpoint" name="test_default_period_is_day" time="0.399" /></testsuite></testsuites>