<?xml version="1.0" encoding="utf-8"?><testsuites name="pytest tests"><testsuite name="pytest" errors="0" failures="0" skipped="0" tests="9" time="0.404" timestamp="2026-02-06T04:00:00.844960+00:00" hostname="agent-env-919289ab-60d6-4f13-a29e-275839a54415"><testcase classname="backend.tests.test_production_workers_banner.TestProductionWorkersBanner" name="test_active_workers_endpoint_returns_200" time="0.062" /><testcase classname="backend.tests.test_production_workers_banner.TestProductionWorkersBanner" name="test_active_workers_returns_dict" time="0.035" /><testcase classname="backend.tests.test_production_workers_banner.TestProductionWorkersBanner" name="test_active_workers_grouped_by_stage" time="0.042" /><testcase classname="backend.tests.test_production_workers_banner.TestProductionWorkersBanner" name="test_worker_data_structure" time="0.035" /><testcase classname="backend.tests.test_production_workers_banner.TestProductionWorkersBanner" name="test_worker_is_paused_is_boolean" time="0.037" /><testcase classname="backend.tests.test_production_workers_banner.TestProductionWorkersBanner" name="test_worker_started_at_is_iso_format" time="0.037" /><testcase classname="backend.tests.test_production_workers_banner.TestProductionWorkersBanner" name="test_endpoint_requires_authentication" time="0.032" /><testcase classname="backend.tests.test_production_workers_banner.TestProductionWorkersBanner" name="test_stages_endpoint_returns_200" time="0.035" /><testcase classname="backend.tests.test_production_workers_banner.TestProductionWorkersBanner" name="test_stages_have_required_fields" time="0.033" /></testsuite></testsuites>