<?xml version="1.0" encoding="utf-8"?><testsuites name="pytest tests"><testsuite name="pytest" errors="0" failures="1" skipped="0" tests="11" time="1.485" timestamp="2026-02-06T04:08:53.537216+00:00" hostname="agent-env-919289ab-60d6-4f13-a29e-275839a54415"><testcase classname="backend.tests.test_production_user_date_report.TestProductionHoursByUserDateEndpoint" name="test_endpoint_returns_200_with_day_period" time="0.726" /><testcase classname="backend.tests.test_production_user_date_report.TestProductionHoursByUserDateEndpoint" name="test_endpoint_returns_200_with_week_period" time="0.034" /><testcase classname="backend.tests.test_production_user_date_report.TestProductionHoursByUserDateEndpoint" name="test_endpoint_returns_200_with_month_period" time="0.034" /><testcase classname="backend.tests.test_production_user_date_report.TestProductionHoursByUserDateEndpoint" name="test_response_structure" time="0.045" /><testcase classname="backend.tests.test_production_user_date_report.TestProductionHoursByUserDateEndpoint" name="test_data_array_structure" time="0.035" /><testcase classname="backend.tests.test_production_user_date_report.TestProductionHoursByUserDateEndpoint" name="test_entries_array_structure" time="0.035" /><testcase classname="backend.tests.test_production_user_date_report.TestProductionHoursByUserDateEndpoint" name="test_total_hours_calculation" time="0.034" /><testcase classname="backend.tests.test_production_user_date_report.TestProductionHoursByUserDateEndpoint" name="test_labor_cost_calculation" time="0.034"><failure message="AssertionError: labor_cost should be 24.9, got 25.0&#10;assert 25.0 == 24.9">backend/tests/test_production_user_date_report.py:222: in test_labor_cost_calculation
    assert item["labor_cost"] == expected_cost, \
E   AssertionError: labor_cost should be 24.9, got 25.0
E   assert 25.0 == 24.9</failure></testcase><testcase classname="backend.tests.test_production_user_date_report.TestProductionHoursByUserDateEndpoint" name="test_exceeds_limit_flag" time="0.037" /><testcase classname="backend.tests.test_production_user_date_report.TestProductionHoursByUserDateEndpoint" name="test_endpoint_requires_authentication" time="0.036" /><testcase classname="backend.tests.test_production_user_date_report.TestProductionHoursByUserDateEndpoint" name="test_default_period_is_day" time="0.355" /></testsuite></testsuites>