<?xml version="1.0" encoding="utf-8"?><testsuites name="pytest tests"><testsuite name="pytest" errors="0" failures="1" skipped="0" tests="13" time="0.746" timestamp="2026-02-06T03:29:43.772025+00:00" hostname="agent-env-919289ab-60d6-4f13-a29e-275839a54415"><testcase classname="backend.tests.test_production_kpi_banner.TestProductionOverallKpis" name="test_overall_kpis_default_period" time="0.078" /><testcase classname="backend.tests.test_production_kpi_banner.TestProductionOverallKpis" name="test_overall_kpis_today" time="0.038" /><testcase classname="backend.tests.test_production_kpi_banner.TestProductionOverallKpis" name="test_overall_kpis_yesterday" time="0.076" /><testcase classname="backend.tests.test_production_kpi_banner.TestProductionOverallKpis" name="test_overall_kpis_this_week" time="0.076" /><testcase classname="backend.tests.test_production_kpi_banner.TestProductionOverallKpis" name="test_overall_kpis_last_week" time="0.040" /><testcase classname="backend.tests.test_production_kpi_banner.TestProductionOverallKpis" name="test_overall_kpis_this_month" time="0.076" /><testcase classname="backend.tests.test_production_kpi_banner.TestProductionOverallKpis" name="test_overall_kpis_last_month" time="0.043" /><testcase classname="backend.tests.test_production_kpi_banner.TestProductionOverallKpis" name="test_overall_kpis_all_time" time="0.039" /><testcase classname="backend.tests.test_production_kpi_banner.TestProductionOverallKpis" name="test_overall_kpis_invalid_period_defaults_to_this_week" time="0.036" /><testcase classname="backend.tests.test_production_kpi_banner.TestProductionOverallKpis" name="test_overall_kpis_requires_authentication" time="0.035" /><testcase classname="backend.tests.test_production_kpi_banner.TestProductionOverallKpis" name="test_overall_kpis_data_types" time="0.037" /><testcase classname="backend.tests.test_production_kpi_banner.TestProductionOverallKpis" name="test_overall_kpis_labor_cost_calculation" time="0.045"><failure message="assert 25.0 == 24.9">backend/tests/test_production_kpi_banner.py:168: in test_overall_kpis_labor_cost_calculation
    assert data["labor_cost"] == expected_labor_cost
E   assert 25.0 == 24.9</failure></testcase><testcase classname="backend.tests.test_production_kpi_banner.TestProductionOverallKpis" name="test_overall_kpis_cost_per_item_calculation" time="0.039" /></testsuite></testsuites>