<?xml version="1.0" encoding="utf-8"?><testsuites name="pytest tests"><testsuite name="pytest" errors="0" failures="0" skipped="0" tests="14" time="2.168" timestamp="2026-02-01T03:42:12.865792+00:00" hostname="agent-env-890ef796-4651-4ffd-94a6-15f5814e9e66"><testcase classname="backend.tests.test_timer_enforcement.TestTimerEnforcement" name="test_auth_me_works" time="0.164" /><testcase classname="backend.tests.test_timer_enforcement.TestTimerEnforcement" name="test_get_stages" time="0.113" /><testcase classname="backend.tests.test_timer_enforcement.TestTimerEnforcement" name="test_start_timer_success" time="0.151" /><testcase classname="backend.tests.test_timer_enforcement.TestTimerEnforcement" name="test_only_one_timer_allowed" time="0.175" /><testcase classname="backend.tests.test_timer_enforcement.TestTimerEnforcement" name="test_check_active_timer" time="0.184" /><testcase classname="backend.tests.test_timer_enforcement.TestTimerEnforcement" name="test_check_no_active_timer" time="0.113" /><testcase classname="backend.tests.test_timer_enforcement.TestTimerEnforcement" name="test_stop_timer_success" time="0.150" /><testcase classname="backend.tests.test_timer_enforcement.TestTimerEnforcement" name="test_stop_timer_no_active" time="0.113" /><testcase classname="backend.tests.test_timer_enforcement.TestTimerEnforcement" name="test_get_user_active_timers" time="0.181" /><testcase classname="backend.tests.test_timer_enforcement.TestTimerEnforcement" name="test_timer_workflow" time="0.264" /><testcase classname="backend.tests.test_timer_enforcement.TestBatchAndItems" name="test_get_batches" time="0.038" /><testcase classname="backend.tests.test_timer_enforcement.TestBatchAndItems" name="test_get_batch_details" time="0.074" /><testcase classname="backend.tests.test_timer_enforcement.TestBatchAndItems" name="test_get_batch_stage_summary" time="0.074" /><testcase classname="backend.tests.test_timer_enforcement.TestStageActiveWorkers" name="test_get_active_workers" time="0.184" /></testsuite></testsuites>