<?xml version="1.0" encoding="utf-8"?><testsuites name="pytest tests"><testsuite name="pytest" errors="0" failures="0" skipped="0" tests="19" time="0.994" timestamp="2026-02-13T01:07:19.238588+00:00" hostname="agent-env-5d7ebf9d-bbd0-4345-b3b5-4b17226740e7"><testcase classname="backend.tests.test_reports_regression.TestOrderTimeCostReport" name="test_order_kpis_endpoint_returns_200" time="0.153" /><testcase classname="backend.tests.test_reports_regression.TestOrderTimeCostReport" name="test_order_kpis_returns_list" time="0.018" /><testcase classname="backend.tests.test_reports_regression.TestOrderTimeCostReport" name="test_order_kpis_structure_if_data_exists" time="0.017" /><testcase classname="backend.tests.test_reports_regression.TestBatchCostBreakdown" name="test_batches_summary_endpoint" time="0.099" /><testcase classname="backend.tests.test_reports_regression.TestBatchCostBreakdown" name="test_batches_summary_cost_aggregation" time="0.016" /><testcase classname="backend.tests.test_reports_regression.TestBatchCostBreakdown" name="test_single_batch_report" time="0.034" /><testcase classname="backend.tests.test_reports_regression.TestStageAnalysis" name="test_stage_stats_endpoint" time="0.046" /><testcase classname="backend.tests.test_reports_regression.TestStageAnalysis" name="test_stage_stats_avg_calculation" time="0.014" /><testcase classname="backend.tests.test_reports_regression.TestStageKPIsDateFilter" name="test_stage_user_kpis_endpoint" time="0.053" /><testcase classname="backend.tests.test_reports_regression.TestStageKPIsDateFilter" name="test_stage_user_kpis_with_dates" time="0.016" /><testcase classname="backend.tests.test_reports_regression.TestHoursByUserDateRange" name="test_hours_by_user_date_endpoint" time="0.047" /><testcase classname="backend.tests.test_reports_regression.TestHoursByUserDateRange" name="test_hours_by_user_date_custom_range" time="0.012" /><testcase classname="backend.tests.test_reports_regression.TestWorkerTaskAssignment" name="test_managers_admins_endpoint" time="0.048" /><testcase classname="backend.tests.test_reports_regression.TestWorkerTaskAssignment" name="test_managers_admins_structure" time="0.051" /><testcase classname="backend.tests.test_reports_regression.TestWorkerTaskAssignment" name="test_task_creation_endpoint" time="0.021" /><testcase classname="backend.tests.test_reports_regression.TestFulfillmentOverallKPIs" name="test_overall_kpis_endpoint" time="0.090" /><testcase classname="backend.tests.test_reports_regression.TestProductionOverallKPIs" name="test_production_kpis_endpoint" time="0.048" /><testcase classname="backend.tests.test_reports_regression.TestDashboardStats" name="test_dashboard_stats_endpoint" time="0.073" /><testcase classname="backend.tests.test_reports_regression.TestUserProductionReport" name="test_user_stage_summary_endpoint" time="0.051" /></testsuite></testsuites>