<?xml version="1.0" encoding="utf-8"?><testsuites name="pytest tests"><testsuite name="pytest" errors="0" failures="0" skipped="0" tests="24" time="0.961" timestamp="2026-02-04T02:09:02.694067+00:00" hostname="agent-env-360b92cd-4944-4cc7-ac9e-79a43e33066f"><testcase classname="backend.tests.test_tasks_notifications.TestTasksAPI" name="test_get_tasks_empty_or_list" time="0.091" /><testcase classname="backend.tests.test_tasks_notifications.TestTasksAPI" name="test_get_task_stats" time="0.015" /><testcase classname="backend.tests.test_tasks_notifications.TestTasksAPI" name="test_create_task" time="0.021" /><testcase classname="backend.tests.test_tasks_notifications.TestTasksAPI" name="test_create_task_with_checklist" time="0.022" /><testcase classname="backend.tests.test_tasks_notifications.TestTasksAPI" name="test_get_single_task" time="0.061" /><testcase classname="backend.tests.test_tasks_notifications.TestTasksAPI" name="test_update_task_status" time="0.022" /><testcase classname="backend.tests.test_tasks_notifications.TestTasksAPI" name="test_update_task_priority" time="0.061" /><testcase classname="backend.tests.test_tasks_notifications.TestTasksAPI" name="test_filter_tasks_by_status" time="0.010" /><testcase classname="backend.tests.test_tasks_notifications.TestTasksAPI" name="test_filter_tasks_by_priority" time="0.010" /><testcase classname="backend.tests.test_tasks_notifications.TestTasksAPI" name="test_search_tasks" time="0.008" /><testcase classname="backend.tests.test_tasks_notifications.TestTasksAPI" name="test_pagination" time="0.009" /><testcase classname="backend.tests.test_tasks_notifications.TestChecklistAPI" name="test_toggle_checklist_item" time="0.066" /><testcase classname="backend.tests.test_tasks_notifications.TestChecklistAPI" name="test_add_checklist_item" time="0.009" /><testcase classname="backend.tests.test_tasks_notifications.TestChecklistAPI" name="test_checklist_progress_updates" time="0.087" /><testcase classname="backend.tests.test_tasks_notifications.TestCommentsAPI" name="test_add_comment" time="0.009" /><testcase classname="backend.tests.test_tasks_notifications.TestCommentsAPI" name="test_comments_appear_in_task_detail" time="0.009" /><testcase classname="backend.tests.test_tasks_notifications.TestNotificationsAPI" name="test_get_notifications" time="0.008" /><testcase classname="backend.tests.test_tasks_notifications.TestNotificationsAPI" name="test_get_unread_count" time="0.007" /><testcase classname="backend.tests.test_tasks_notifications.TestNotificationsAPI" name="test_mark_all_as_read" time="0.007" /><testcase classname="backend.tests.test_tasks_notifications.TestTaskWithAssociations" name="test_create_task_with_customer" time="0.128" /><testcase classname="backend.tests.test_tasks_notifications.TestTaskWithAssociations" name="test_create_task_with_order" time="0.024" /><testcase classname="backend.tests.test_tasks_notifications.TestTaskDeletion" name="test_delete_task" time="0.103" /><testcase classname="backend.tests.test_tasks_notifications.TestAuthRequired" name="test_tasks_requires_auth" time="0.034" /><testcase classname="backend.tests.test_tasks_notifications.TestAuthRequired" name="test_notifications_requires_auth" time="0.053" /></testsuite></testsuites>