<?xml version="1.0" encoding="utf-8"?><testsuites name="pytest tests"><testsuite name="pytest" errors="0" failures="0" skipped="0" tests="16" time="1.285" timestamp="2026-02-12T02:34:57.835961+00:00" hostname="agent-env-55521b8e-aec0-4cf2-b162-96241132fd98"><testcase classname="tests.test_task_assignment.TestManagersAdminsEndpoint" name="test_get_managers_admins_returns_200" time="0.150" /><testcase classname="tests.test_task_assignment.TestManagersAdminsEndpoint" name="test_get_managers_admins_returns_list" time="0.050" /><testcase classname="tests.test_task_assignment.TestManagersAdminsEndpoint" name="test_managers_admins_only_returns_correct_roles" time="0.011" /><testcase classname="tests.test_task_assignment.TestManagersAdminsEndpoint" name="test_managers_admins_returns_correct_fields" time="0.010" /><testcase classname="tests.test_task_assignment.TestManagersAdminsEndpoint" name="test_managers_admins_requires_auth" time="0.039" /><testcase classname="tests.test_task_assignment.TestTaskAssignmentToManagement" name="test_create_task_assigned_to_admin" time="0.036" /><testcase classname="tests.test_task_assignment.TestTaskAssignmentToManagement" name="test_create_task_with_all_fields" time="0.068" /><testcase classname="tests.test_task_assignment.TestTaskStatusTracking" name="test_task_created_with_pending_status" time="0.025" /><testcase classname="tests.test_task_assignment.TestTaskStatusTracking" name="test_task_status_pending_to_in_progress" time="0.126" /><testcase classname="tests.test_task_assignment.TestTaskStatusTracking" name="test_task_status_in_progress_to_completed" time="0.145" /><testcase classname="tests.test_task_assignment.TestTaskStatusTracking" name="test_full_status_lifecycle" time="0.095" /><testcase classname="tests.test_task_assignment.TestMyTasksFilter" name="test_my_tasks_filter_true" time="0.078" /><testcase classname="tests.test_task_assignment.TestMyTasksFilter" name="test_my_tasks_filter_false" time="0.010" /><testcase classname="tests.test_task_assignment.TestNotificationOnTaskAssignment" name="test_notification_created_on_assignment" time="0.090" /><testcase classname="tests.test_task_assignment.TestTaskKanbanDisplay" name="test_tasks_include_assignee_name" time="0.074" /><testcase classname="tests.test_task_assignment.TestTaskKanbanDisplay" name="test_tasks_include_status_for_kanban_columns" time="0.206" /></testsuite></testsuites>