<?xml version="1.0" encoding="utf-8"?><testsuites name="pytest tests"><testsuite name="pytest" errors="0" failures="0" skipped="0" tests="16" time="1.165" timestamp="2026-02-10T03:20:26.186962+00:00" hostname="agent-env-4a0ae723-700c-4e1e-b526-7ad057a632af"><testcase classname="backend.tests.test_timeline_feature.TestTimelineAPISetup" name="test_01_auth_dev_login" time="0.084" /><testcase classname="backend.tests.test_timeline_feature.TestActivityTypes" name="test_get_activity_types" time="0.011" /><testcase classname="backend.tests.test_timeline_feature.TestTimelineItemCRUD" name="test_create_chat_post" time="0.028" /><testcase classname="backend.tests.test_timeline_feature.TestTimelineItemCRUD" name="test_create_note" time="0.065" /><testcase classname="backend.tests.test_timeline_feature.TestTimelineItemCRUD" name="test_create_call_log" time="0.026" /><testcase classname="backend.tests.test_timeline_feature.TestTimelineItemCRUD" name="test_create_onboarding_activity" time="0.026" /><testcase classname="backend.tests.test_timeline_feature.TestTimelineItemCRUD" name="test_create_with_mentions" time="0.064" /><testcase classname="backend.tests.test_timeline_feature.TestTimelineItemCRUD" name="test_get_timeline_items" time="0.046" /><testcase classname="backend.tests.test_timeline_feature.TestTimelineItemCRUD" name="test_filter_timeline_by_activity_type" time="0.036" /><testcase classname="backend.tests.test_timeline_feature.TestFollowUnfollow" name="test_follow_record" time="0.064" /><testcase classname="backend.tests.test_timeline_feature.TestFollowUnfollow" name="test_get_follow_status" time="0.078" /><testcase classname="backend.tests.test_timeline_feature.TestFollowUnfollow" name="test_unfollow_record" time="0.043" /><testcase classname="backend.tests.test_timeline_feature.TestNotifications" name="test_get_notifications" time="0.010" /><testcase classname="backend.tests.test_timeline_feature.TestNotifications" name="test_get_notifications_filtered" time="0.011" /><testcase classname="backend.tests.test_timeline_feature.TestStageChangeAutoLog" name="test_stage_change_creates_timeline_event" time="0.142" /><testcase classname="backend.tests.test_timeline_feature.TestCleanup" name="test_cleanup_test_data" time="0.354" /></testsuite></testsuites>